make all --print-data-base --no-builtin-variables --no-builtin-rules --question
make: *** No rule to make target 'obj/.o', needed by '/var/www/blackbox/bin/.cgi'.  Stop.

# GNU Make 4.3
# Built for x86_64-pc-linux-gnu
# Copyright (C) 1988-2020 Free Software Foundation, Inc.
# License GPLv3+: GNU GPL version 3 or later <http://gnu.org/licenses/gpl.html>
# This is free software: you are free to change and redistribute it.
# There is NO WARRANTY, to the extent permitted by law.

# Make data base, printed on Mon May 23 00:45:56 2022

# Variables

# environment
GDK_BACKEND = x11
# environment
LC_ALL = C
# environment
SSH_AGENT_LAUNCHER = openssh
# environment
GJS_DEBUG_OUTPUT = stderr
# environment
VSCODE_IPC_HOOK_EXTHOST = /run/user/1000/vscode-ipc-29004246-421b-4fa0-a903-425d0f77ec64.sock
# makefile (from 'Makefile', line 15)
VPATH := src:src/core:src/http:src/mem:src/html:src/utils:src/db:src/domain
# environment
VSCODE_CWD = /home/greivin
# environment
GDM_LANG = en_US.UTF-8
# default
MAKE_COMMAND := make
# environment
QT_ACCESSIBILITY = 1
# automatic
@D = $(patsubst %/,%,$(dir $@))
# environment
VSCODE_HANDLES_UNCAUGHT_ERRORS = true
# default
.VARIABLES := 
# environment
PWD = /home/greivin/blackbox
# makefile (from 'Makefile', line 11)
CSSSRC := www/css
# automatic
%D = $(patsubst %/,%,$(dir $%))
# environment
XDG_DATA_DIRS = /usr/share/gnome:/usr/local/share/:/usr/share/:/var/lib/snapd/desktop
# automatic
^D = $(patsubst %/,%,$(dir $^))
# environment
VSCODE_LOG_STACK = false
# automatic
%F = $(notdir $%)
# makefile (from 'Makefile', line 13)
HTMLSRC := html
# environment
VSCODE_CODE_CACHE_PATH = /home/greivin/.config/Code/CachedData/c3511e6c69bb39013c4a4b7b9566ec1ca73fc4d5
# environment
LANG = C
# environment
XAUTHORITY = /run/user/1000/.mutter-Xwaylandauth.7A7CM1
# default
.LOADED := 
# default
.INCLUDE_DIRS = /usr/local/include /usr/include /usr/include
# makefile
MAKEFLAGS = pqrR
# makefile (from 'Makefile', line 3)
TARGETDIR := /var/www/blackbox/bin
# makefile
CURDIR := /home/greivin/blackbox
# environment
VSCODE_PIPE_LOGGING = true
# environment
APPLICATION_INSIGHTS_NO_DIAGNOSTIC_CHANNEL = 1
# automatic
*D = $(patsubst %/,%,$(dir $*))
# environment
MFLAGS = -pqrR
# environment
SSH_AUTH_SOCK = /run/user/1000/keyring/ssh
# default
.SHELLFLAGS := -c
# environment
WAYLAND_DISPLAY = wayland-0
# automatic
+D = $(patsubst %/,%,$(dir $+))
# environment
XDG_SESSION_DESKTOP = gnome
# makefile (from 'Makefile', line 1)
MAKEFILE_LIST := Makefile
# automatic
@F = $(notdir $@)
# environment
VSCODE_VERBOSE_LOGGING = true
# environment
VSCODE_PID = 85373
# makefile (from 'Makefile', line 8)
IMGDEST := /var/www/blackbox/images
# environment
XDG_SESSION_TYPE = wayland
# automatic
?D = $(patsubst %/,%,$(dir $?))
# environment
SESSION_MANAGER = local/debian:@/tmp/.ICE-unix/1491,unix/debian:/tmp/.ICE-unix/1491
# automatic
*F = $(notdir $*)
# environment
CHROME_DESKTOP = code-url-handler.desktop
# environment
DBUS_SESSION_BUS_ADDRESS = unix:path=/run/user/1000/bus
# automatic
<D = $(patsubst %/,%,$(dir $<))
# environment
VSCODE_NLS_CONFIG = {"locale":"en-us","availableLanguages":{},"_languagePackSupport":true}
# default
MAKE_HOST := x86_64-pc-linux-gnu
# makefile (from 'Makefile', line 16)
OBJS := obj/box_headers.o obj/box_array.o obj/box_ntree.o obj/box_html.o obj/box_reader.o obj/box_tags.o obj/box_regex.o obj/box_http.o obj/box_map.o obj/box_product.o obj/box_user.o obj/sql_connection.o obj/sql_product.o obj/sql_user.o
# environment
GNOME_DESKTOP_SESSION_ID = this-is-deprecated
# makefile
SHELL = /bin/sh
# default
MAKECMDGOALS := all
# environment
XMODIFIERS = @im=ibus
# environment
GJS_DEBUG_TOPICS = JS ERROR;JS LOG
# environment
SHLVL = 0
# environment
MAKELEVEL := 0
# environment
IM_CONFIG_CHECK_ENV = 1
# default
MAKE = $(MAKE_COMMAND)
# environment
PATH = /usr/local/bin:/usr/bin:/bin:/usr/local/games:/usr/games:/snap/bin
# default
MAKEFILES := 
# automatic
^F = $(notdir $^)
# environment
INVOCATION_ID = 2194a6a850864c5ab4be47f36a79f63b
# makefile (from 'Makefile', line 4)
HOMEDIR := /var/www/blackbox
# environment
VSCODE_LOG_NATIVE = false
# environment
USERNAME = greivin
# environment
GNOME_SETUP_DISPLAY = :1
# automatic
?F = $(notdir $?)
# environment
XDG_CURRENT_DESKTOP = GNOME
# environment
LS_COLORS = 
# automatic
+F = $(notdir $+)
# environment
DESKTOP_SESSION = gnome
# environment
ORIGINAL_XDG_CURRENT_DESKTOP = GNOME
# 'override' directive
GNUMAKEFLAGS := 
# makefile (from 'Makefile', line 9)
HTMLDEST := /var/www/blackbox/html
# environment
LOGNAME = greivin
# environment
GIO_LAUNCHED_DESKTOP_FILE = /usr/share/applications/code.desktop
# makefile
.DEFAULT_GOAL := all
# environment
DISPLAY = :0
# environment
USER = greivin
# environment
GTK_MODULES = gail:atk-bridge
# default
MAKE_VERSION := 4.3
# environment
MANAGERPID = 1387
# environment
GIO_LAUNCHED_DESKTOP_FILE_PID = 85373
# environment
_ = /usr/share/code/code
# environment
XDG_RUNTIME_DIR = /run/user/1000
# environment
JOURNAL_STREAM = 8:30525
# environment
XDG_SESSION_CLASS = user
# environment
VSCODE_AMD_ENTRYPOINT = vs/workbench/api/node/extensionHostProcess
# environment
HOME = /home/greivin
# environment
QT_IM_MODULE = ibus
# environment
ELECTRON_RUN_AS_NODE = 1
# environment
VSCODE_IPC_HOOK = /run/user/1000/vscode-9df085e9-1.67.2-main.sock
# environment
IM_CONFIG_PHASE = 1
# default
.RECIPEPREFIX := 
# automatic
<F = $(notdir $<)
# default
SUFFIXES := 
# makefile (from 'Makefile', line 7)
CSSDEST := /var/www/blackbox/css
# default
.FEATURES := target-specific order-only second-expansion else-if shortest-stem undefine oneshell nocomment grouped-target extra-prereqs archives jobserver output-sync check-symlink load
# makefile (from 'Makefile', line 12)
IMGSRC := www/images
# makefile (from 'Makefile', line 2)
BUILDDIR := obj
# environment
XDG_MENU_PREFIX = gnome-
# environment
GDMSESSION = gnome
# variable set hash-table stats:
# Load=106/1024=10%, Rehash=0, Collisions=14/172=8%

# Pattern-specific Variable Values

# No pattern-specific variable values.

# Directories

# src/html/obj: could not be stat'd.
# src/http (device 2049, inode 540435): No files, no impossibilities so far.
# src/domain (device 2049, inode 654525): No files, no impossibilities so far.
# src/utils/obj: could not be stat'd.
# src/mem/obj: could not be stat'd.
# src (device 2049, inode 540431): No files, no impossibilities so far.
# src/http/obj: could not be stat'd.
# src/core/obj: could not be stat'd.
# . (device 2049, inode 540317): 22 files, no impossibilities.
# src/db (device 2049, inode 540691): No files, no impossibilities so far.
# src/utils (device 2049, inode 540724): No files, no impossibilities so far.
# src/obj: could not be stat'd.
# src/db/obj: could not be stat'd.
# src/domain/obj: could not be stat'd.
# src/core (device 2049, inode 653045): No files, no impossibilities so far.
# src/html (device 2049, inode 540693): No files, no impossibilities so far.
# src/mem (device 2049, inode 540700): No files, no impossibilities so far.

# 22 files, no impossibilities in 17 directories.

# Implicit Rules

obj/%.o: %.c %.h | obj
#  recipe to execute (from 'Makefile', line 29):
	gcc -g -c `mysql_config --cflags` $(OUTPUT_OPTION) $<

obj/%.o: %.c | obj
#  recipe to execute (from 'Makefile', line 32):
	gcc -g -c $(OUTPUT_OPTION) $<

# 2 implicit rules, 0 (0.0%) terminal.
# Files

/var/www/blackbox/images: www/images
#  Implicit rule search has not been done.
#  Modification time never checked.
#  File has not been updated.
#  recipe to execute (from 'Makefile', line 40):
	rsync -rupE --delete $(IMGSRC) $(HOMEDIR) 

obj/box_tags.o: | obj
#  Implicit rule search has not been done.
#  Modification time never checked.
#  File has not been updated.

# Not a target:
html:
 
#  Implicit rule search has not been done.
#  Modification time never checked.
#  File has not been updated.

# Not a target:
Makefile:
#  Implicit rule search has been done.
#  Last modified 2022-05-23 00:45:54.452142822
#  File has been updated.
#  Successfully updated.

/var/www/blackbox/bin:
#  Implicit rule search has not been done.
#  Modification time never checked.
#  File has not been updated.
#  recipe to execute (from 'Makefile', line 52):
	mkdir $(TARGETDIR)

obj/box_product.o: | obj
#  Implicit rule search has not been done.
#  Modification time never checked.
#  File has not been updated.

obj/box_regex.o: | obj
#  Implicit rule search has not been done.
#  Modification time never checked.
#  File has not been updated.

obj/sql_product.o: | obj
#  Implicit rule search has not been done.
#  Modification time never checked.
#  File has not been updated.

obj/box_array.o: | obj
#  Implicit rule search has not been done.
#  Modification time never checked.
#  File has not been updated.

obj/box_ntree.o: | obj
#  Implicit rule search has not been done.
#  Modification time never checked.
#  File has not been updated.

obj/box_http.o: | obj
#  Implicit rule search has not been done.
#  Modification time never checked.
#  File has not been updated.

obj:
#  Implicit rule search has not been done.
#  Modification time never checked.
#  File has not been updated.
#  recipe to execute (from 'Makefile', line 46):
	mkdir $(BUILDDIR)

/var/www/blackbox:
#  Implicit rule search has not been done.
#  Modification time never checked.
#  File has not been updated.
#  recipe to execute (from 'Makefile', line 49):
	mkdir $(HOMEDIR)

# Not a target:
www/css:
#  Implicit rule search has not been done.
#  Modification time never checked.
#  File has not been updated.

obj/box_map.o: | obj
#  Implicit rule search has not been done.
#  Modification time never checked.
#  File has not been updated.

obj/box_user.o: | obj
#  Implicit rule search has not been done.
#  Modification time never checked.
#  File has not been updated.

/var/www/blackbox/css: www/css
#  Implicit rule search has not been done.
#  Modification time never checked.
#  File has not been updated.
#  recipe to execute (from 'Makefile', line 37):
	rsync -rupE --delete $(CSSSRC) $(HOMEDIR)

obj/sql_connection.o: | obj
#  Implicit rule search has not been done.
#  Modification time never checked.
#  File has not been updated.

/var/www/blackbox/html: html
#  Implicit rule search has not been done.
#  Modification time never checked.
#  File has not been updated.
#  recipe to execute (from 'Makefile', line 43):
	rsync -rupE --delete $(HTMLSRC) $(HOMEDIR)

# Not a target:
.DEFAULT:
#  Implicit rule search has not been done.
#  Modification time never checked.
#  File has not been updated.

obj/box_reader.o: | obj
#  Implicit rule search has not been done.
#  Modification time never checked.
#  File has not been updated.

all: /var/www/blackbox/bin/.cgi obj/.o obj/box_headers.o obj/box_array.o obj/box_ntree.o obj/box_html.o obj/box_reader.o obj/box_tags.o obj/box_regex.o obj/box_http.o obj/box_map.o obj/box_product.o obj/box_user.o obj/sql_connection.o obj/sql_product.o obj/sql_user.o | /var/www/blackbox /var/www/blackbox/bin /var/www/blackbox/css /var/www/blackbox/images /var/www/blackbox/html
#  Phony target (prerequisite of .PHONY).
#  Command line target.
#  Implicit rule search has not been done.
#  File does not exist.
#  File has not been updated.

# Not a target:
www/images:
#  Implicit rule search has not been done.
#  Modification time never checked.
#  File has not been updated.

# Not a target:
obj/.o:
#  Implicit rule search has been done.
#  File does not exist.
#  File has not been updated.

obj/sql_user.o: | obj
#  Implicit rule search has not been done.
#  Modification time never checked.
#  File has not been updated.

obj/box_headers.o: | obj
#  Implicit rule search has not been done.
#  Modification time never checked.
#  File has not been updated.

/var/www/blackbox/bin/.cgi: obj/.o obj/box_headers.o obj/box_array.o obj/box_ntree.o obj/box_html.o obj/box_reader.o obj/box_tags.o obj/box_regex.o obj/box_http.o obj/box_map.o obj/box_product.o obj/box_user.o obj/sql_connection.o obj/sql_product.o obj/sql_user.o | /var/www/blackbox /var/www/blackbox/bin /var/www/blackbox/css /var/www/blackbox/images /var/www/blackbox/html
#  Implicit rule search has not been done.
#  File does not exist.
#  File has not been updated.
#  recipe to execute (from 'Makefile', line 26):
	gcc -g $(OUTPUT_OPTION) $^ `mysql_config --libs | awk '{print $$1,$$2;}'`

.PHONY: all
#  Implicit rule search has not been done.
#  Modification time never checked.
#  File has not been updated.

obj/box_html.o: | obj
#  Implicit rule search has not been done.
#  Modification time never checked.
#  File has not been updated.

# files hash-table stats:
# Load=30/1024=3%, Rehash=0, Collisions=3/117=3%
# VPATH Search Paths

# No 'vpath' search paths.

# General ('VPATH' variable) search path:
# src:src/core:src/http:src/mem:src/html:src/utils:src/db:src/domain

# strcache buffers: 1 (0) / strings = 70 / storage = 814 B / avg = 11 B
# current buf: size = 8162 B / used = 814 B / count = 70 / avg = 11 B

# strcache performance: lookups = 155 / hit rate = 54%
# hash-table stats:
# Load=70/8192=1%, Rehash=0, Collisions=4/155=3%
# Finished Make data base on Mon May 23 00:45:56 2022

 
